0 info it worked if it ends with ok
1 verbose cli [ 'node',
1 verbose cli   '/usr/local/bin/npm',
1 verbose cli   'install',
1 verbose cli   '--save-dev',
1 verbose cli   'karma-reporter' ]
2 info using npm@1.4.28
3 info using node@v0.10.32
4 warn package.json jasmine@2.0.1 No README data
5 verbose readDependencies using package.json deps
6 verbose cache add [ 'karma-reporter', null ]
7 verbose cache add name=undefined spec="karma-reporter" args=["karma-reporter",null]
8 verbose parsed url { protocol: null,
8 verbose parsed url   slashes: null,
8 verbose parsed url   auth: null,
8 verbose parsed url   host: null,
8 verbose parsed url   port: null,
8 verbose parsed url   hostname: null,
8 verbose parsed url   hash: null,
8 verbose parsed url   search: null,
8 verbose parsed url   query: null,
8 verbose parsed url   pathname: 'karma-reporter',
8 verbose parsed url   path: 'karma-reporter',
8 verbose parsed url   href: 'karma-reporter' }
9 silly lockFile 94f8920e-karma-reporter karma-reporter
10 verbose lock karma-reporter /Users/chourihan/.npm/94f8920e-karma-reporter.lock
11 silly lockFile 94f8920e-karma-reporter karma-reporter
12 silly lockFile 94f8920e-karma-reporter karma-reporter
13 verbose addNamed [ 'karma-reporter', '' ]
14 verbose addNamed [ null, '*' ]
15 silly lockFile 4df16570-karma-reporter karma-reporter@
16 verbose lock karma-reporter@ /Users/chourihan/.npm/4df16570-karma-reporter.lock
17 silly addNameRange { name: 'karma-reporter', range: '*', hasData: false }
18 verbose request where is /karma-reporter
19 verbose request registry https://registry.npmjs.org/
20 verbose request id fec74a85cd6aba35
21 verbose url raw /karma-reporter
22 verbose url resolving [ 'https://registry.npmjs.org/', './karma-reporter' ]
23 verbose url resolved https://registry.npmjs.org/karma-reporter
24 verbose request where is https://registry.npmjs.org/karma-reporter
25 info trying registry request attempt 1 at 20:20:46
26 http GET https://registry.npmjs.org/karma-reporter
27 http 404 https://registry.npmjs.org/karma-reporter
28 verbose headers { date: 'Sat, 11 Oct 2014 00:20:46 GMT',
28 verbose headers   server: 'CouchDB/1.5.0 (Erlang OTP/R16B03)',
28 verbose headers   'content-type': 'application/json',
28 verbose headers   'cache-control': 'max-age=0',
28 verbose headers   'content-length': '52',
28 verbose headers   'accept-ranges': 'bytes',
28 verbose headers   via: '1.1 varnish',
28 verbose headers   age: '0',
28 verbose headers   'x-served-by': 'cache-iad2129-IAD',
28 verbose headers   'x-cache': 'MISS',
28 verbose headers   'x-cache-hits': '0',
28 verbose headers   'x-timer': 'S1412986846.604581,VS0,VE86',
28 verbose headers   'keep-alive': 'timeout=10, max=50',
28 verbose headers   connection: 'Keep-Alive' }
29 silly registry.get cb [ 404,
29 silly registry.get   { date: 'Sat, 11 Oct 2014 00:20:46 GMT',
29 silly registry.get     server: 'CouchDB/1.5.0 (Erlang OTP/R16B03)',
29 silly registry.get     'content-type': 'application/json',
29 silly registry.get     'cache-control': 'max-age=0',
29 silly registry.get     'content-length': '52',
29 silly registry.get     'accept-ranges': 'bytes',
29 silly registry.get     via: '1.1 varnish',
29 silly registry.get     age: '0',
29 silly registry.get     'x-served-by': 'cache-iad2129-IAD',
29 silly registry.get     'x-cache': 'MISS',
29 silly registry.get     'x-cache-hits': '0',
29 silly registry.get     'x-timer': 'S1412986846.604581,VS0,VE86',
29 silly registry.get     'keep-alive': 'timeout=10, max=50',
29 silly registry.get     connection: 'Keep-Alive' } ]
30 silly lockFile 4df16570-karma-reporter karma-reporter@
31 silly lockFile 4df16570-karma-reporter karma-reporter@
32 error 404 404 Not Found: karma-reporter
32 error 404
32 error 404 'karma-reporter' is not in the npm registry.
32 error 404 You should bug the author to publish it
32 error 404 It was specified as a dependency of 'angular_todo'
32 error 404
32 error 404 Note that you can also install from a
32 error 404 tarball, folder, or http url, or git url.
33 error System Darwin 14.0.0
34 error command "node" "/usr/local/bin/npm" "install" "--save-dev" "karma-reporter"
35 error cwd /Users/chourihan/Code/angular_todo
36 error node -v v0.10.32
37 error npm -v 1.4.28
38 error code E404
39 verbose exit [ 1, true ]
